[3][ Plus de fenˆtre disponible!][[OK]
[3][ Zuwenig Speicher, um| Operation auszufhren!][[Abandon]
[1][ Das Objekt kann nicht| ge”ffnet werden!][[OK]
[1][ Zu diesem Objekt/Fenster| pas d'information!][[OK]
[1][ Zu diesem Objekt/Fenster| pas d'aide!][[OK]
[1][ Ein Objekt kann gel”scht wer-| den, indem es auf den Papier-| korb gezogen wird.][[OK]
[1][ Texte und Grafiken k”nnen auf| dem Drucker ausgeben werden,| indem sie auf das Drucker-| symbol gezogen werden.][[OK]
[1][ Beliebige Texte und Grafiken| k”nnen angezeigt werden, indem| das Diskettensymbol ge”ffnet| wir][[OK]
[1][ Texte k”nnen durch ™ffnen| angezeigt werden.][[OK]
[1][ Das Klemmbrett dient zur| Zwischenablage und zum| Datenaustausch. Das ™ffnen|zeigt den Inhalt des GEM-|Klemmbrettes.][[OK]
[1][ Imagedateien k”nnen durch| ™ffnen angezeigt werden.][[OK]
[1][ Metadateien k”nnen durch| ™ffnen angezeigt werden.][[OK]
[1][ Information du texte:| Lignes: %ld| Octets : %ld][[OK]
[1][ Klemmbrett-Information:| %ld Octets| %d Dateien][[OK]
[1][ Taille de l'image:| Breite: %4d Pixel| H”he  : %4d Pixel| Couleur: %4d][[OK]
[1][ Der geladene Text ist zu| lang. Das Ende des Textes| wurde abgescnitten!][[Ignorer]
[9][ Erreur pour ouvrir| ce fichier!][[Abandon]
[9][ Erreur pour lire| ce fichier!][[Abandon]
[9][ Erreur pour ‚crire| ce fichier!][[Abandon]
[1][ Fichier: %s| Taille: %lu| Date: %02d.%02d.%02d| Heure: %02d:%02d:%02d][[OK]
[2][ Soll die Datei| %s| gel”scht werden und die Datei| %s| berschreiben?][[Oui|[Non]
[2][ Soll die Datei| %s| die Datei| %s| berschreiben?][[Oui|[Non]
[2][ Soll die Datei| %s| gel”scht werden?][[Oui|[Non]
[2][ Drucker nicht angeschlossen,| nicht bereit oder off-line.][[Weiter|[Abandon|[Dummy]
[1][ Scrap-Directory konnte| nicht angelegt werden!][[Ignorer]
[3][ Die Iconleiste kann| nicht ge”ffnet werden!][[D‚sol‚]
[3][ Es konnten keine Zeichens„tze| geladen werden!][[Abandon]
[3][ Kann Text nicht lesen!| | Kein Text im ASCII- oder| OUT-Format!][[D'accord]
[3][ Kann Text nicht drucken!| | Kein Text im ASCII- oder| OUT-Format!][[D'accord]
[3][ Sie haben noch keinen| Zeichensatz geladen.| | Sie mssen einen Zeichensatz| im Button 'Fontauswahl' aussuchen !][[D'accord]
[3][ Der Zeichensatz im Fenster| ist kein Vektorzeichensatz.| | Sie mssen einen Zeichensatz| im Button 'Fontauswahl' aussuchen !| Das kann ein Bitmap-Font sein.][[D'accord]
[3][ Die Workstation l„t sich| nicht ”ffnen!][[Abandon]
[3][ Datenbank konnte nicht| geladen werden!][[Abandon]
[3][ Der eingestellte Font| entspricht nicht dem| gew„hlten Font!][[Verstanden]
[3][ Die eingestellte Gr”e| entspricht nicht der| gew„hlten Gr”e!][[Verstanden]
[3][ 1st Guide n'a pas| ‚t‚ trouv‚!][[D‚sol‚]
[3][ ST-Guide n'a pas| ‚t‚ trouv‚!][[D‚sol‚]
[3][ le fichier existe d‚j…!| | le r‚‚crire?][[Oui|[Non]
[3][ Le chemin n'existe pas!| | UDO-Shell doit-il en cr‚er un maintenant,| sinon une erreur va survenir][[Cr‚er|A[bandon]
ÿÿÿÿ