[3][ Plus de fenàtre disponible!][ OK ]
[3][ Zuwenig Speicher, um| Operation auszufÅhren!][ Abandon ]
[1][ Das Objekt kann nicht| geîffnet werden!][[OK]
[1][ Zu diesem Objekt/Fenster| pas d'information!][[OK]
[1][ Zu diesem Objekt/Fenster| pas d'aide!][[OK]
[1][ Ein Objekt kann gelîscht wer-| den, indem es auf den Papier-| korb gezogen wird.][[OK]
[1][ Texte und Grafiken kînnen auf| dem Drucker ausgeben werden,| indem sie auf das Drucker-| symbol gezogen werden.][[OK]
[1][ Beliebige Texte und Grafiken| kînnen angezeigt werden, indem| das Diskettensymbol geîffnet| wir][[OK]
[1][ Texte kînnen durch ôffnen| angezeigt werden.][[OK]
[1][ Das Klemmbrett dient zur| Zwischenablage und zum| Datenaustausch. Das ôffnen|zeigt den Inhalt des GEM-|Klemmbrettes.][[OK]
[1][ Imagedateien kînnen durch| ôffnen angezeigt werden.][[OK]
[1][ Metadateien kînnen durch| ôffnen angezeigt werden.][[OK]
[1][ Information du texte:| Lignes: %ld| Octets : %ld][[OK]
[1][ Klemmbrett-Information:| %ld Octets| %d Dateien][[OK]
[1][ Taille de l'image:| Breite: %4d Pixel| Hîhe  : %4d Pixel| Couleur: %4d][[OK]
[1][ Der geladene Text ist zu| lang. Das Ende des Textes| wurde abgescnitten!][[Ignorer]
[9][ Erreur pour ouvrir| ce fichier!][[Abandon]
[9][ Erreur pour lire| ce fichier!][[Abandon]
[9][ Erreur pour Çcrire| ce fichier!][[Abandon]
[1][ Fichier: %s| Taille: %lu| Date: %02d.%02d.%02d| Heure: %02d:%02d:%02d][[OK]
[2][ Soll die Datei| %s| gelîscht werden und die Datei| %s| Åberschreiben?][[Oui|[Non]
[2][ Soll die Datei| %s| die Datei| %s| Åberschreiben?][[Oui|[Non]
[2][ Soll die Datei| %s| gelîscht werden?][[Oui|[Non]
[2][ Drucker nicht angeschlossen,| nicht bereit oder off-line.][[Weiter|[Abandon|[Dummy]
[1][ Scrap-Directory konnte| nicht angelegt werden!][[Ignorer]
[3][ Die Iconleiste kann| nicht geîffnet werden!][[DÇsolÇ]
[3][ Es konnten keine ZeichensÑtze| geladen werden!][[Abandon]
[3][ Kann Text nicht lesen!| | Kein Text im ASCII- oder| OUT-Format!][[D'accord]
[3][ Kann Text nicht drucken!| | Kein Text im ASCII- oder| OUT-Format!][[D'accord]
[3][ Sie haben noch keinen| Zeichensatz geladen.| | Sie mÅssen einen Zeichensatz| im Button 'Fontauswahl' aussuchen !][[D'accord]
[3][ Der Zeichensatz im Fenster| ist kein Vektorzeichensatz.| | Sie mÅssen einen Zeichensatz| im Button 'Fontauswahl' aussuchen !| Das kann ein Bitmap-Font sein.][[D'accord]
[3][ Die Workstation lÑût sich| nicht îffnen!][[Abandon]
[3][ Datenbank konnte nicht| geladen werden!][[Abandon]
[3][ Der eingestellte Font| entspricht nicht dem| gewÑhlten Font!][[Verstanden]
[3][ Die eingestellte Grîûe| entspricht nicht der| gewÑhlten Grîûe!][[Verstanden]
[3][ 1st Guide n'a pas| ÇtÇ trouvÇ!][ DÇsolÇ ]
[3][ ST-Guide n'a pas| ÇtÇ trouvÇ!][ DÇsolÇ ]
[3][ le fichier existe dÇjÖ! | | Ø$Æ | le rÇÇcrire? ][ Oui | Non ]
[3][ Le chemin n'existe pas! | | UDO-Shell doit-il en crÇer un maintenant, | sinon une erreur va survenir ][ CrÇer | Abandon ]
[3][ The UDO-Helpfile is not registred | in the dialog 'Generale' ][ I will do it now! ]
[3][ The communication with the| SE-Editor is lost! | | The editor will be started again.][ Do it! ]
[3][ The file FORMAT.INF was not found! | Rebuild FORMAT.INF? ][ Oui | Non ]
[3][ Ø$Æ | | There is no application| that belongs to this format!][ Sorry ]
[3][ You have not signed a(n) | $ yet!][ Sorry ]
[3][ The mentioned application| can't be found!][ Sorry ]
