[3][ Keine Fenster mehr verfÅgbar!][[OK]
[3][ Zuwenig Speicher, um| Operation auszufÅhren!][[Abbruch]
[1][ Das Objekt kann nicht| geîffnet werden!][[OK]
[1][ Zu diesem Objekt/Fenster| existiert keine Information!][[OK]
[1][ Zu diesem Objekt/Fenster| existiert keine Hilfe!][[OK]
[1][ Ein Objekt kann gelîscht wer-| den, indem es auf den Papier-| korb gezogen wird.][[OK]
[1][ Texte und Grafiken kînnen auf| dem Drucker ausgeben werden,| indem sie auf das Drucker-| symbol gezogen werden.][[OK]
[1][ Beliebige Texte und Grafiken| kînnen angezeigt werden, indem| das Diskettensymbol geîffnet| wir][[OK]
[1][ Texte kînnen durch ôffnen| angezeigt werden.][[OK]
[1][ Das Klemmbrett dient zur| Zwischenablage und zum| Datenaustausch. Das ôffnen|zeigt den Inhalt des GEM-|Klemmbrettes.][[OK]
[1][ Imagedateien kînnen durch| ôffnen angezeigt werden.][[OK]
[1][ Metadateien kînnen durch| ôffnen angezeigt werden.][[OK]
[1][ Text-Information:| Zeilen: %ld| Bytes : %ld][[OK]
[1][ Klemmbrett-Information:| %ld Bytes| %d Dateien][[OK]
[1][ Grî·e des Bildes:| Breite: %4d Pixel| Hîhe  : %4d Pixel| Farben: %4d][[OK]
[1][ Der geladene Text ist zu| lang. Das Ende des Textes| wurde abgescnitten!][[Ignorieren]
[9][ Fehler beim ôffnen| der Datei!][[Abbruch]
[9][ Fehler beim Lesen| der Datei!][[Abbruch]
[9][ Fehler beim Schreiben| der Datei!][[Abbruch]
[1][ Datei: %s| Grî·e: %lu| Datum: %02d.%02d.%02d| Zeit: %02d:%02d:%02d][[OK]
[2][ Soll die Datei| %s| gelîscht werden und die Datei| %s| Åberschreiben?][[Ja|[Nein]
[2][ Soll die Datei| %s| die Datei| %s| Åberschreiben?][[Ja|[Nein]
[2][ Soll die Datei| %s| gelîscht werden?][[Ja|[Nein]
[2][ Drucker nicht angeschlossen,| nicht bereit oder off-line.][[Weiter|[Abbruch|[Dummy]
[1][ Scrap-Directory konnte| nicht angelegt werden!][[Ignorieren]
[3][ Die Iconleiste kann| nicht geîffnet werden!][[Sorry]
[3][ Es konnten keine ZeichensÑtze| geladen werden!][[Abbruch]
[3][ Kann Text nicht lesen!| | Kein Text im ASCII- oder| OUT-Format!][[Ach So]
[3][ Kann Text nicht drucken!| | Kein Text im ASCII- oder| OUT-Format!][[Ach So]
[3][ Sie haben noch keinen| Zeichensatz geladen.| | Sie mÅssen einen Zeichensatz| im Button 'Fontauswahl' aussuchen !][[Ach So]
[3][ Der Zeichensatz im Fenster| ist kein Vektorzeichensatz.| | Sie mÅssen einen Zeichensatz| im Button 'Fontauswahl' aussuchen !| Das kann ein Bitmap-Font sein.][[Ach So]
[3][ Die Workstation lÑût sich| nicht îffnen!][[Abbruch]
[3][ Datenbank konnte nicht| geladen werden!][[Abbruch]
[3][ Der eingestellte Font| entspricht nicht dem| gewÑhlten Font!][[Verstanden]
[3][ Die eingestellte Grîûe| entspricht nicht der| gewÑhlten Grîûe!][[Verstanden]
[3][ 1st Guide konnte nicht| gefunden werden !][[Sorry]
[3][ ST-Guide konnte nicht| gefunden werden !][[Sorry]
[3][ Datei existiert schon!| | öberschreiben?][[JA|[Nein]
[3][ Der angegebene Pfad existiert nicht!| | Die UDO-Shell legt den Ordner jetzt an,| damit kein Fehler auftritt.][A[nlegen|[Abbrechen]
